::1 GET /products 200 960 - 71.167 ms
::1 GET /favicon.ico 404 54 - 0.990 ms
::ffff:127.0.0.1 GET /products?name=test 200 960 - 13.046 ms
::1 GET /products?name=test 200 34 - 5.424 ms
::ffff:127.0.0.1 GET /products?name=test 200 39 - 5.485 ms
::ffff:127.0.0.1 GET /products?name=test 304 - - 1.657 ms
::1 GET /products?name=test 200 960 - 32.542 ms
::1 POST /products 401 38 - 8.690 ms
::1 POST /products 500 1364 - 14.426 ms
::1 POST /products 500 1364 - 4.203 ms
::1 POST /products 500 1364 - 3.698 ms
::1 POST /products 500 1364 - 24.554 ms
::1 POST /products 400 147 - 29.980 ms
::1 POST /products 201 180 - 67.592 ms
::1 POST /products 400 90 - 24.468 ms
::1 POST /products 201 254 - 42.562 ms
::1 POST /products 201 255 - 53.579 ms
::1 GET /uploads//1764707999058-3a2377f8-72d3-4a05-8afb-2c3be67bdad7.png 200 79788 - 3.248 ms
::1 POST /products 201 266 - 12.415 ms
::1 GET /uploads//1764708147206-d8f87c72-ebe5-4509-9cda-886cbb66a31c.png 200 168992 - 1.325 ms
::1 POST /products 201 266 - 39.580 ms
::1 POST /products 201 266 - 41.607 ms
::1 POST /products 201 266 - 39.157 ms
